mode: atomic
github.com/bonkzero404/gojson2sql/jql.go:22.74,26.35 3 46
github.com/bonkzero404/gojson2sql/jql.go:26.35,29.17 2 5
github.com/bonkzero404/gojson2sql/jql.go:29.17,31.4 1 1
github.com/bonkzero404/gojson2sql/jql.go:32.8,36.17 2 41
github.com/bonkzero404/gojson2sql/jql.go:36.17,38.4 1 1
github.com/bonkzero404/gojson2sql/jql.go:41.2,45.8 1 44
github.com/bonkzero404/gojson2sql/jql.go:48.39,52.2 3 23
github.com/bonkzero404/gojson2sql/jql.go:54.45,58.2 3 4
github.com/bonkzero404/gojson2sql/jql.go:60.36,62.2 1 4
github.com/bonkzero404/gojson2sql/jql.go:64.72,68.2 3 114
github.com/bonkzero404/gojson2sql/jql.go:70.74,74.2 3 57
github.com/bonkzero404/gojson2sql/jql.go:76.87,80.2 3 20
github.com/bonkzero404/gojson2sql/jql.go:82.74,86.2 3 15
github.com/bonkzero404/gojson2sql/jql.go:88.92,92.2 3 2
github.com/bonkzero404/gojson2sql/jql.go:94.92,98.2 3 29
github.com/bonkzero404/gojson2sql/jql.go:100.53,101.25 1 8
github.com/bonkzero404/gojson2sql/jql.go:101.25,102.29 1 13
github.com/bonkzero404/gojson2sql/jql.go:102.29,104.4 1 1
github.com/bonkzero404/gojson2sql/jql.go:106.2,106.13 1 7
github.com/bonkzero404/gojson2sql/jql.go:109.77,115.32 5 3
github.com/bonkzero404/gojson2sql/jql.go:115.32,116.38 1 16
github.com/bonkzero404/gojson2sql/jql.go:116.38,117.22 1 16
github.com/bonkzero404/gojson2sql/jql.go:117.22,119.5 1 6
github.com/bonkzero404/gojson2sql/jql.go:119.10,119.31 1 10
github.com/bonkzero404/gojson2sql/jql.go:119.31,121.70 2 10
github.com/bonkzero404/gojson2sql/jql.go:121.70,124.6 2 2
github.com/bonkzero404/gojson2sql/jql.go:124.11,124.38 1 8
github.com/bonkzero404/gojson2sql/jql.go:124.38,127.6 2 7
github.com/bonkzero404/gojson2sql/jql.go:127.11,129.6 1 1
github.com/bonkzero404/gojson2sql/jql.go:135.2,135.72 1 3
github.com/bonkzero404/gojson2sql/jql.go:135.72,137.3 1 16
github.com/bonkzero404/gojson2sql/jql.go:139.2,139.30 1 3
github.com/bonkzero404/gojson2sql/jql.go:142.61,147.2 3 4
github.com/bonkzero404/gojson2sql/jql.go:149.78,152.37 2 28
github.com/bonkzero404/gojson2sql/jql.go:152.37,155.3 2 1
github.com/bonkzero404/gojson2sql/jql.go:157.2,157.22 1 27
github.com/bonkzero404/gojson2sql/jql.go:157.22,159.3 1 27
github.com/bonkzero404/gojson2sql/jql.go:161.2,161.22 1 27
github.com/bonkzero404/gojson2sql/jql.go:161.22,162.25 1 27
github.com/bonkzero404/gojson2sql/jql.go:162.25,164.42 2 23
github.com/bonkzero404/gojson2sql/jql.go:164.42,168.23 2 55
github.com/bonkzero404/gojson2sql/jql.go:168.23,171.32 2 15
github.com/bonkzero404/gojson2sql/jql.go:171.32,172.39 1 15
github.com/bonkzero404/gojson2sql/jql.go:172.39,174.8 1 14
github.com/bonkzero404/gojson2sql/jql.go:174.13,176.8 1 1
github.com/bonkzero404/gojson2sql/jql.go:178.7,178.42 1 15
github.com/bonkzero404/gojson2sql/jql.go:178.42,185.8 3 6
github.com/bonkzero404/gojson2sql/jql.go:187.7,187.45 1 15
github.com/bonkzero404/gojson2sql/jql.go:187.45,190.8 2 1
github.com/bonkzero404/gojson2sql/jql.go:193.6,194.30 2 15
github.com/bonkzero404/gojson2sql/jql.go:194.30,195.36 1 15
github.com/bonkzero404/gojson2sql/jql.go:195.36,198.38 2 2
github.com/bonkzero404/gojson2sql/jql.go:198.38,200.9 1 2
github.com/bonkzero404/gojson2sql/jql.go:202.8,205.29 3 2
github.com/bonkzero404/gojson2sql/jql.go:205.29,206.44 1 2
github.com/bonkzero404/gojson2sql/jql.go:206.44,209.10 2 1
github.com/bonkzero404/gojson2sql/jql.go:209.15,211.28 2 1
github.com/bonkzero404/gojson2sql/jql.go:211.28,212.43 1 1
github.com/bonkzero404/gojson2sql/jql.go:212.43,216.12 3 1
github.com/bonkzero404/gojson2sql/jql.go:221.8,221.116 1 2
github.com/bonkzero404/gojson2sql/jql.go:226.5,226.47 1 55
github.com/bonkzero404/gojson2sql/jql.go:228.4,228.91 1 23
github.com/bonkzero404/gojson2sql/jql.go:229.9,231.4 1 4
github.com/bonkzero404/gojson2sql/jql.go:234.2,234.12 1 27
github.com/bonkzero404/gojson2sql/jql.go:237.45,240.35 2 28
github.com/bonkzero404/gojson2sql/jql.go:240.35,242.3 1 28
github.com/bonkzero404/gojson2sql/jql.go:244.2,244.12 1 28
github.com/bonkzero404/gojson2sql/jql.go:247.47,250.32 2 25
github.com/bonkzero404/gojson2sql/jql.go:250.32,251.38 1 4
github.com/bonkzero404/gojson2sql/jql.go:251.38,253.4 1 3
github.com/bonkzero404/gojson2sql/jql.go:253.9,255.4 1 1
github.com/bonkzero404/gojson2sql/jql.go:258.2,258.12 1 25
github.com/bonkzero404/gojson2sql/jql.go:261.47,264.32 2 24
github.com/bonkzero404/gojson2sql/jql.go:264.32,266.3 1 3
github.com/bonkzero404/gojson2sql/jql.go:268.2,268.12 1 24
github.com/bonkzero404/gojson2sql/jql.go:271.44,274.29 2 27
github.com/bonkzero404/gojson2sql/jql.go:274.29,276.51 1 6
github.com/bonkzero404/gojson2sql/jql.go:276.51,277.46 1 12
github.com/bonkzero404/gojson2sql/jql.go:277.46,278.84 1 12
github.com/bonkzero404/gojson2sql/jql.go:278.84,280.6 1 4
github.com/bonkzero404/gojson2sql/jql.go:280.11,280.92 1 8
github.com/bonkzero404/gojson2sql/jql.go:280.92,282.6 1 2
github.com/bonkzero404/gojson2sql/jql.go:282.11,282.92 1 6
github.com/bonkzero404/gojson2sql/jql.go:282.92,284.6 1 2
github.com/bonkzero404/gojson2sql/jql.go:284.11,286.6 1 4
github.com/bonkzero404/gojson2sql/jql.go:290.2,290.35 1 27
github.com/bonkzero404/gojson2sql/jql.go:293.46,296.31 2 24
github.com/bonkzero404/gojson2sql/jql.go:296.31,298.3 1 3
github.com/bonkzero404/gojson2sql/jql.go:300.2,300.12 1 24
github.com/bonkzero404/gojson2sql/jql.go:303.73,306.23 2 39
github.com/bonkzero404/gojson2sql/jql.go:306.23,308.3 1 2
github.com/bonkzero404/gojson2sql/jql.go:312.2,314.39 2 39
github.com/bonkzero404/gojson2sql/jql.go:314.39,317.55 2 61
github.com/bonkzero404/gojson2sql/jql.go:317.55,319.4 1 5
github.com/bonkzero404/gojson2sql/jql.go:321.3,321.30 1 61
github.com/bonkzero404/gojson2sql/jql.go:321.30,323.22 2 57
github.com/bonkzero404/gojson2sql/jql.go:323.22,325.5 1 53
github.com/bonkzero404/gojson2sql/jql.go:327.4,328.23 2 57
github.com/bonkzero404/gojson2sql/jql.go:328.23,331.5 2 4
github.com/bonkzero404/gojson2sql/jql.go:335.3,335.33 1 61
github.com/bonkzero404/gojson2sql/jql.go:335.33,337.32 2 4
github.com/bonkzero404/gojson2sql/jql.go:337.32,339.5 1 3
github.com/bonkzero404/gojson2sql/jql.go:339.10,341.5 1 1
github.com/bonkzero404/gojson2sql/jql.go:342.9,344.33 2 57
github.com/bonkzero404/gojson2sql/jql.go:344.33,346.5 1 54
github.com/bonkzero404/gojson2sql/jql.go:346.10,348.20 2 3
github.com/bonkzero404/gojson2sql/jql.go:348.20,349.35 1 3
github.com/bonkzero404/gojson2sql/jql.go:349.35,353.7 3 3
github.com/bonkzero404/gojson2sql/jql.go:357.4,357.36 1 57
github.com/bonkzero404/gojson2sql/jql.go:357.36,358.33 1 52
github.com/bonkzero404/gojson2sql/jql.go:358.33,360.6 1 14
github.com/bonkzero404/gojson2sql/jql.go:360.11,362.6 1 38
github.com/bonkzero404/gojson2sql/jql.go:363.10,367.46 2 5
github.com/bonkzero404/gojson2sql/jql.go:367.46,370.6 2 4
github.com/bonkzero404/gojson2sql/jql.go:370.11,372.24 2 1
github.com/bonkzero404/gojson2sql/jql.go:372.24,373.39 1 1
github.com/bonkzero404/gojson2sql/jql.go:373.39,377.8 3 1
github.com/bonkzero404/gojson2sql/jql.go:381.5,381.105 1 5
github.com/bonkzero404/gojson2sql/jql.go:386.2,386.41 1 39
github.com/bonkzero404/gojson2sql/jql.go:389.45,391.30 2 25
github.com/bonkzero404/gojson2sql/jql.go:391.30,393.8 2 25
github.com/bonkzero404/gojson2sql/jql.go:393.8,394.18 1 2
github.com/bonkzero404/gojson2sql/jql.go:394.18,396.5 1 1
github.com/bonkzero404/gojson2sql/jql.go:396.10,398.5 1 1
github.com/bonkzero404/gojson2sql/jql.go:399.9,401.4 1 23
github.com/bonkzero404/gojson2sql/jql.go:404.2,404.12 1 25
github.com/bonkzero404/gojson2sql/jql.go:407.46,409.31 2 25
github.com/bonkzero404/gojson2sql/jql.go:409.31,411.8 2 4
github.com/bonkzero404/gojson2sql/jql.go:411.8,412.18 1 2
github.com/bonkzero404/gojson2sql/jql.go:412.18,414.5 1 1
github.com/bonkzero404/gojson2sql/jql.go:414.10,416.5 1 1
github.com/bonkzero404/gojson2sql/jql.go:417.9,419.4 1 2
github.com/bonkzero404/gojson2sql/jql.go:422.2,422.12 1 25
github.com/bonkzero404/gojson2sql/jql.go:425.50,427.2 1 23
github.com/bonkzero404/gojson2sql/jql.go:429.40,431.2 1 21
github.com/bonkzero404/gojson2sql/jql.go:433.37,436.90 2 2
github.com/bonkzero404/gojson2sql/jql.go:436.90,438.3 1 1
github.com/bonkzero404/gojson2sql/jql.go:440.2,440.35 1 1
github.com/bonkzero404/gojson2sql/jql.go:443.64,446.80 2 2
github.com/bonkzero404/gojson2sql/jql.go:446.80,448.3 1 1
github.com/bonkzero404/gojson2sql/jql.go:450.2,451.30 2 1
github.com/bonkzero404/gojson2sql/jql.go:454.45,458.35 3 4
github.com/bonkzero404/gojson2sql/jql.go:458.35,459.45 1 4
github.com/bonkzero404/gojson2sql/jql.go:459.45,464.4 4 8
github.com/bonkzero404/gojson2sql/jql.go:468.2,470.12 2 4
github.com/bonkzero404/gojson2sql/jql.go:473.42,476.90 2 2
github.com/bonkzero404/gojson2sql/jql.go:476.90,478.3 1 1
github.com/bonkzero404/gojson2sql/jql.go:480.2,480.35 1 1
github.com/bonkzero404/gojson2sql/jql.go:483.69,486.80 2 2
github.com/bonkzero404/gojson2sql/jql.go:486.80,488.3 1 1
github.com/bonkzero404/gojson2sql/jql.go:490.2,492.30 2 1
github.com/bonkzero404/gojson2sql/sql_datatype.go:13.44,14.35 1 12
github.com/bonkzero404/gojson2sql/sql_datatype.go:15.46,16.14 1 10
github.com/bonkzero404/gojson2sql/sql_datatype.go:17.10,18.15 1 2
github.com/bonkzero404/gojson2sql/sql_datatype.go:22.69,23.31 1 6
github.com/bonkzero404/gojson2sql/sql_datatype.go:23.31,25.3 1 5
github.com/bonkzero404/gojson2sql/sql_datatype.go:26.2,26.47 1 1
github.com/bonkzero404/gojson2sql/sql_datatype.go:29.58,34.33 3 22
github.com/bonkzero404/gojson2sql/sql_datatype.go:34.33,35.22 1 20
github.com/bonkzero404/gojson2sql/sql_datatype.go:36.15,37.29 1 12
github.com/bonkzero404/gojson2sql/sql_datatype.go:38.16,39.29 1 8
github.com/bonkzero404/gojson2sql/sql_datatype.go:43.2,43.34 1 2
github.com/bonkzero404/gojson2sql/sql_datatype.go:46.102,52.15 4 19
github.com/bonkzero404/gojson2sql/sql_datatype.go:52.15,55.3 2 16
github.com/bonkzero404/gojson2sql/sql_datatype.go:57.2,57.34 1 19
github.com/bonkzero404/gojson2sql/sql_datatype.go:57.34,61.3 3 7
github.com/bonkzero404/gojson2sql/sql_datatype.go:63.2,63.27 1 12
github.com/bonkzero404/gojson2sql/sql_datatype.go:64.21,70.41 4 4
github.com/bonkzero404/gojson2sql/sql_datatype.go:70.41,72.4 1 8
github.com/bonkzero404/gojson2sql/sql_datatype.go:74.3,74.49 1 4
github.com/bonkzero404/gojson2sql/sql_datatype.go:75.21,79.41 4 7
github.com/bonkzero404/gojson2sql/sql_datatype.go:79.41,81.4 1 10
github.com/bonkzero404/gojson2sql/sql_datatype.go:82.3,82.46 1 7
github.com/bonkzero404/gojson2sql/sql_datatype.go:84.10,85.12 1 1
github.com/bonkzero404/gojson2sql/sql_datatype.go:89.100,94.15 4 84
github.com/bonkzero404/gojson2sql/sql_datatype.go:94.15,97.3 2 74
github.com/bonkzero404/gojson2sql/sql_datatype.go:99.2,99.18 1 84
github.com/bonkzero404/gojson2sql/sql_datatype.go:100.14,102.62 2 26
github.com/bonkzero404/gojson2sql/sql_datatype.go:103.15,107.52 3 5
github.com/bonkzero404/gojson2sql/sql_datatype.go:108.14,112.52 3 40
github.com/bonkzero404/gojson2sql/sql_datatype.go:113.11,114.52 1 1
github.com/bonkzero404/gojson2sql/sql_datatype.go:115.13,116.60 1 4
github.com/bonkzero404/gojson2sql/sql_datatype.go:117.16,121.77 3 7
github.com/bonkzero404/gojson2sql/sql_datatype.go:121.77,124.4 2 2
github.com/bonkzero404/gojson2sql/sql_datatype.go:126.3,127.59 2 5
github.com/bonkzero404/gojson2sql/sql_datatype.go:128.10,129.12 1 1
github.com/bonkzero404/gojson2sql/sql_expression.go:8.123,12.12 3 68
github.com/bonkzero404/gojson2sql/sql_expression.go:13.119,14.92 1 53
github.com/bonkzero404/gojson2sql/sql_expression.go:15.52,16.92 1 4
github.com/bonkzero404/gojson2sql/sql_expression.go:17.23,20.214 3 6
github.com/bonkzero404/gojson2sql/sql_expression.go:21.33,23.42 2 2
github.com/bonkzero404/gojson2sql/sql_expression.go:24.41,25.20 1 2
github.com/bonkzero404/gojson2sql/sql_expression.go:26.10,27.12 1 1
github.com/bonkzero404/gojson2sql/sql_operator.go:7.44,8.35 1 28
github.com/bonkzero404/gojson2sql/sql_operator.go:10.56,11.14 1 26
github.com/bonkzero404/gojson2sql/sql_operator.go:12.10,13.15 1 2
github.com/bonkzero404/gojson2sql/sql_operator.go:17.69,18.31 1 14
github.com/bonkzero404/gojson2sql/sql_operator.go:18.31,20.3 1 13
github.com/bonkzero404/gojson2sql/sql_operator.go:21.2,21.47 1 1
