mode: atomic
github.com/bonkzero404/gojson2sql/jql.go:14.54,19.16 3 29
github.com/bonkzero404/gojson2sql/jql.go:19.16,21.3 1 1
github.com/bonkzero404/gojson2sql/jql.go:23.2,23.27 1 28
github.com/bonkzero404/gojson2sql/jql.go:26.39,30.2 3 8
github.com/bonkzero404/gojson2sql/jql.go:32.72,36.2 3 61
github.com/bonkzero404/gojson2sql/jql.go:38.74,42.2 3 40
github.com/bonkzero404/gojson2sql/jql.go:44.87,48.2 3 10
github.com/bonkzero404/gojson2sql/jql.go:50.74,54.2 3 7
github.com/bonkzero404/gojson2sql/jql.go:56.92,60.2 3 2
github.com/bonkzero404/gojson2sql/jql.go:62.72,67.32 4 2
github.com/bonkzero404/gojson2sql/jql.go:67.32,68.22 1 9
github.com/bonkzero404/gojson2sql/jql.go:68.22,69.22 1 9
github.com/bonkzero404/gojson2sql/jql.go:69.22,71.5 1 3
github.com/bonkzero404/gojson2sql/jql.go:71.10,73.5 1 6
github.com/bonkzero404/gojson2sql/jql.go:77.2,77.72 1 2
github.com/bonkzero404/gojson2sql/jql.go:77.72,79.3 1 9
github.com/bonkzero404/gojson2sql/jql.go:81.2,81.30 1 2
github.com/bonkzero404/gojson2sql/jql.go:84.61,87.2 2 7
github.com/bonkzero404/gojson2sql/jql.go:89.78,92.37 2 12
github.com/bonkzero404/gojson2sql/jql.go:92.37,95.3 2 2
github.com/bonkzero404/gojson2sql/jql.go:97.2,97.22 1 10
github.com/bonkzero404/gojson2sql/jql.go:97.22,99.3 1 10
github.com/bonkzero404/gojson2sql/jql.go:101.2,101.22 1 10
github.com/bonkzero404/gojson2sql/jql.go:101.22,102.25 1 10
github.com/bonkzero404/gojson2sql/jql.go:102.25,104.42 2 6
github.com/bonkzero404/gojson2sql/jql.go:104.42,108.23 3 19
github.com/bonkzero404/gojson2sql/jql.go:108.23,111.32 2 7
github.com/bonkzero404/gojson2sql/jql.go:111.32,112.39 1 7
github.com/bonkzero404/gojson2sql/jql.go:112.39,114.8 1 6
github.com/bonkzero404/gojson2sql/jql.go:114.13,116.8 1 1
github.com/bonkzero404/gojson2sql/jql.go:118.7,118.42 1 7
github.com/bonkzero404/gojson2sql/jql.go:118.42,122.8 3 3
github.com/bonkzero404/gojson2sql/jql.go:125.6,126.30 2 7
github.com/bonkzero404/gojson2sql/jql.go:126.30,127.36 1 7
github.com/bonkzero404/gojson2sql/jql.go:127.36,130.38 2 2
github.com/bonkzero404/gojson2sql/jql.go:130.38,132.9 1 2
github.com/bonkzero404/gojson2sql/jql.go:134.8,137.29 3 2
github.com/bonkzero404/gojson2sql/jql.go:137.29,138.44 1 2
github.com/bonkzero404/gojson2sql/jql.go:138.44,141.10 2 1
github.com/bonkzero404/gojson2sql/jql.go:141.15,143.28 2 1
github.com/bonkzero404/gojson2sql/jql.go:143.28,144.43 1 1
github.com/bonkzero404/gojson2sql/jql.go:144.43,148.12 3 1
github.com/bonkzero404/gojson2sql/jql.go:153.8,153.116 1 2
github.com/bonkzero404/gojson2sql/jql.go:158.5,158.47 1 19
github.com/bonkzero404/gojson2sql/jql.go:160.4,160.91 1 6
github.com/bonkzero404/gojson2sql/jql.go:161.9,163.4 1 4
github.com/bonkzero404/gojson2sql/jql.go:166.2,166.12 1 10
github.com/bonkzero404/gojson2sql/jql.go:169.45,172.35 2 13
github.com/bonkzero404/gojson2sql/jql.go:172.35,174.3 1 13
github.com/bonkzero404/gojson2sql/jql.go:176.2,176.12 1 13
github.com/bonkzero404/gojson2sql/jql.go:179.47,182.32 2 10
github.com/bonkzero404/gojson2sql/jql.go:182.32,183.38 1 4
github.com/bonkzero404/gojson2sql/jql.go:183.38,185.4 1 3
github.com/bonkzero404/gojson2sql/jql.go:185.9,187.4 1 1
github.com/bonkzero404/gojson2sql/jql.go:190.2,190.12 1 10
github.com/bonkzero404/gojson2sql/jql.go:193.47,196.32 2 9
github.com/bonkzero404/gojson2sql/jql.go:196.32,198.3 1 3
github.com/bonkzero404/gojson2sql/jql.go:200.2,200.12 1 9
github.com/bonkzero404/gojson2sql/jql.go:203.44,206.29 2 12
github.com/bonkzero404/gojson2sql/jql.go:206.29,208.51 1 6
github.com/bonkzero404/gojson2sql/jql.go:208.51,209.46 1 12
github.com/bonkzero404/gojson2sql/jql.go:209.46,210.84 1 12
github.com/bonkzero404/gojson2sql/jql.go:210.84,212.6 1 6
github.com/bonkzero404/gojson2sql/jql.go:212.11,212.92 1 6
github.com/bonkzero404/gojson2sql/jql.go:212.92,214.6 1 2
github.com/bonkzero404/gojson2sql/jql.go:214.11,214.92 1 4
github.com/bonkzero404/gojson2sql/jql.go:214.92,216.6 1 2
github.com/bonkzero404/gojson2sql/jql.go:216.11,218.6 1 2
github.com/bonkzero404/gojson2sql/jql.go:222.2,222.35 1 12
github.com/bonkzero404/gojson2sql/jql.go:225.46,228.31 2 9
github.com/bonkzero404/gojson2sql/jql.go:228.31,230.3 1 3
github.com/bonkzero404/gojson2sql/jql.go:232.2,232.12 1 9
github.com/bonkzero404/gojson2sql/jql.go:235.73,238.23 2 24
github.com/bonkzero404/gojson2sql/jql.go:238.23,240.3 1 2
github.com/bonkzero404/gojson2sql/jql.go:244.2,246.39 2 24
github.com/bonkzero404/gojson2sql/jql.go:246.39,249.55 2 44
github.com/bonkzero404/gojson2sql/jql.go:249.55,251.4 1 5
github.com/bonkzero404/gojson2sql/jql.go:253.3,253.30 1 44
github.com/bonkzero404/gojson2sql/jql.go:253.30,255.22 2 40
github.com/bonkzero404/gojson2sql/jql.go:255.22,257.5 1 36
github.com/bonkzero404/gojson2sql/jql.go:259.4,260.23 2 40
github.com/bonkzero404/gojson2sql/jql.go:260.23,263.5 2 4
github.com/bonkzero404/gojson2sql/jql.go:267.3,267.33 1 44
github.com/bonkzero404/gojson2sql/jql.go:267.33,269.32 2 4
github.com/bonkzero404/gojson2sql/jql.go:269.32,271.5 1 3
github.com/bonkzero404/gojson2sql/jql.go:271.10,273.5 1 1
github.com/bonkzero404/gojson2sql/jql.go:274.9,276.33 2 40
github.com/bonkzero404/gojson2sql/jql.go:276.33,278.5 1 39
github.com/bonkzero404/gojson2sql/jql.go:278.10,280.20 2 1
github.com/bonkzero404/gojson2sql/jql.go:280.20,281.35 1 1
github.com/bonkzero404/gojson2sql/jql.go:281.35,285.7 3 1
github.com/bonkzero404/gojson2sql/jql.go:289.4,289.36 1 40
github.com/bonkzero404/gojson2sql/jql.go:289.36,290.33 1 35
github.com/bonkzero404/gojson2sql/jql.go:290.33,292.6 1 12
github.com/bonkzero404/gojson2sql/jql.go:292.11,294.6 1 23
github.com/bonkzero404/gojson2sql/jql.go:295.10,299.46 2 5
github.com/bonkzero404/gojson2sql/jql.go:299.46,302.6 2 4
github.com/bonkzero404/gojson2sql/jql.go:302.11,304.24 2 1
github.com/bonkzero404/gojson2sql/jql.go:304.24,305.39 1 1
github.com/bonkzero404/gojson2sql/jql.go:305.39,309.8 3 1
github.com/bonkzero404/gojson2sql/jql.go:313.5,313.105 1 5
github.com/bonkzero404/gojson2sql/jql.go:318.2,318.41 1 24
github.com/bonkzero404/gojson2sql/jql.go:321.40,325.2 2 1
github.com/bonkzero404/gojson2sql/jql.go:327.37,332.2 3 7
github.com/bonkzero404/gojson2sql/jql.go:334.59,339.2 3 1
github.com/bonkzero404/gojson2sql/sql_datatype.go:10.44,11.35 1 12
github.com/bonkzero404/gojson2sql/sql_datatype.go:12.46,13.14 1 10
github.com/bonkzero404/gojson2sql/sql_datatype.go:14.10,15.15 1 2
github.com/bonkzero404/gojson2sql/sql_datatype.go:19.69,20.31 1 6
github.com/bonkzero404/gojson2sql/sql_datatype.go:20.31,22.3 1 5
github.com/bonkzero404/gojson2sql/sql_datatype.go:23.2,23.47 1 1
github.com/bonkzero404/gojson2sql/sql_datatype.go:26.58,31.33 3 21
github.com/bonkzero404/gojson2sql/sql_datatype.go:31.33,32.22 1 19
github.com/bonkzero404/gojson2sql/sql_datatype.go:33.15,34.29 1 11
github.com/bonkzero404/gojson2sql/sql_datatype.go:35.16,36.29 1 8
github.com/bonkzero404/gojson2sql/sql_datatype.go:40.2,40.34 1 2
github.com/bonkzero404/gojson2sql/sql_datatype.go:43.102,48.15 3 18
github.com/bonkzero404/gojson2sql/sql_datatype.go:48.15,50.3 1 16
github.com/bonkzero404/gojson2sql/sql_datatype.go:52.2,52.34 1 18
github.com/bonkzero404/gojson2sql/sql_datatype.go:52.34,56.3 3 6
github.com/bonkzero404/gojson2sql/sql_datatype.go:58.2,58.27 1 12
github.com/bonkzero404/gojson2sql/sql_datatype.go:59.21,65.41 4 4
github.com/bonkzero404/gojson2sql/sql_datatype.go:65.41,67.4 1 8
github.com/bonkzero404/gojson2sql/sql_datatype.go:69.3,69.49 1 4
github.com/bonkzero404/gojson2sql/sql_datatype.go:70.21,74.41 4 7
github.com/bonkzero404/gojson2sql/sql_datatype.go:74.41,76.4 1 10
github.com/bonkzero404/gojson2sql/sql_datatype.go:77.3,77.46 1 7
github.com/bonkzero404/gojson2sql/sql_datatype.go:79.10,80.12 1 1
github.com/bonkzero404/gojson2sql/sql_datatype.go:84.100,85.18 1 69
github.com/bonkzero404/gojson2sql/sql_datatype.go:86.14,90.16 3 27
github.com/bonkzero404/gojson2sql/sql_datatype.go:90.16,92.4 1 25
github.com/bonkzero404/gojson2sql/sql_datatype.go:93.3,94.43 2 27
github.com/bonkzero404/gojson2sql/sql_datatype.go:95.15,99.16 3 3
github.com/bonkzero404/gojson2sql/sql_datatype.go:99.16,101.4 1 1
github.com/bonkzero404/gojson2sql/sql_datatype.go:103.3,104.33 2 3
github.com/bonkzero404/gojson2sql/sql_datatype.go:105.14,109.16 3 26
github.com/bonkzero404/gojson2sql/sql_datatype.go:109.16,111.4 1 22
github.com/bonkzero404/gojson2sql/sql_datatype.go:113.3,114.33 2 26
github.com/bonkzero404/gojson2sql/sql_datatype.go:115.11,118.16 2 1
github.com/bonkzero404/gojson2sql/sql_datatype.go:118.16,120.4 1 1
github.com/bonkzero404/gojson2sql/sql_datatype.go:122.3,122.33 1 1
github.com/bonkzero404/gojson2sql/sql_datatype.go:123.13,124.60 1 4
github.com/bonkzero404/gojson2sql/sql_datatype.go:125.16,129.77 3 7
github.com/bonkzero404/gojson2sql/sql_datatype.go:129.77,132.4 2 2
github.com/bonkzero404/gojson2sql/sql_datatype.go:134.3,135.59 2 5
github.com/bonkzero404/gojson2sql/sql_datatype.go:136.10,137.12 1 1
github.com/bonkzero404/gojson2sql/sql_expression.go:8.123,12.12 3 53
github.com/bonkzero404/gojson2sql/sql_expression.go:13.119,14.92 1 38
github.com/bonkzero404/gojson2sql/sql_expression.go:15.52,16.92 1 4
github.com/bonkzero404/gojson2sql/sql_expression.go:17.23,20.214 3 6
github.com/bonkzero404/gojson2sql/sql_expression.go:21.33,23.42 2 2
github.com/bonkzero404/gojson2sql/sql_expression.go:24.41,25.20 1 2
github.com/bonkzero404/gojson2sql/sql_expression.go:26.10,27.12 1 1
github.com/bonkzero404/gojson2sql/sql_operator.go:7.44,8.35 1 28
github.com/bonkzero404/gojson2sql/sql_operator.go:10.56,11.14 1 26
github.com/bonkzero404/gojson2sql/sql_operator.go:12.10,13.15 1 2
github.com/bonkzero404/gojson2sql/sql_operator.go:17.69,18.31 1 14
github.com/bonkzero404/gojson2sql/sql_operator.go:18.31,20.3 1 13
github.com/bonkzero404/gojson2sql/sql_operator.go:21.2,21.47 1 1
